2025-03-24 16:18:00 | INFO | repo=tictactoe | action=commit
2025-10-15 11:49:00 | WARN | repo=tictactoe | action=edit | files=2
2025-01-07 13:10:00 | INFO | repo=tictactoe | action=commit
2025-07-05 14:37:00 | DEBUG | repo=tictactoe | action=pull
2025-10-16 11:37:00 | INFO | repo=tictactoe | action=commit
2025-04-09 19:58:00 | WARN | repo=tictactoe | action=pull
2025-10-04 16:47:00 | WARN | repo=tictactoe | action=commit
2025-03-07 09:13:00 | DEBUG | repo=tictactoe | action=commit
2025-11-22 21:48:00 | INFO | repo=tictactoe | action=edit | files=1
2025-07-23 10:26:00 | DEBUG | repo=tictactoe | action=commit
2025-08-27 09:29:00 | INFO | repo=tictactoe | action=edit | files=3
2025-09-12 19:18:00 | DEBUG | repo=tictactoe | action=commit
2025-06-12 15:36:00 | DEBUG | repo=tictactoe | action=commit
2025-06-01 09:52:00 | DEBUG | repo=tictactoe | action=commit
2025-01-22 12:21:00 | WARN | repo=tictactoe | action=commit
2025-04-18 16:43:00 | DEBUG | repo=tictactoe | action=commit
2025-07-13 13:30:00 | WARN | repo=tictactoe | action=commit
2025-02-05 21:03:00 | WARN | repo=tictactoe | action=commit
2025-06-04 14:59:00 | INFO | repo=tictactoe | action=commit
2025-08-12 16:37:00 | WARN | repo=tictactoe | action=test | passed=true
2025-05-15 18:38:00 | DEBUG | repo=tictactoe | action=commit
2025-12-21 10:40:00 | WARN | repo=tictactoe | action=commit
2025-06-23 07:14:00 | DEBUG | repo=tictactoe | action=edit | files=2
2025-06-17 18:06:00 | WARN | repo=tictactoe | action=commit
2025-07-19 12:46:00 | WARN | repo=tictactoe | action=edit | files=4
2025-05-24 17:19:00 | DEBUG | repo=tictactoe | action=test | passed=true
2025-04-14 14:45:00 | WARN | repo=tictactoe | action=commit
2025-11-09 09:02:00 | INFO | repo=tictactoe | action=commit
2025-02-04 21:20:00 | WARN | repo=tictactoe | action=commit
2025-09-08 15:24:00 | INFO | repo=tictactoe | action=commit
2025-02-05 08:57:00 | DEBUG | repo=tictactoe | action=commit
2025-06-21 18:02:00 | WARN | repo=tictactoe | action=edit | files=5
2025-06-21 12:50:00 | WARN | repo=tictactoe | action=commit
2025-01-25 15:32:00 | INFO | repo=tictactoe | action=test | passed=true
2025-05-02 08:05:00 | WARN | repo=tictactoe | action=test | passed=true
2025-05-28 21:53:00 | DEBUG | repo=tictactoe | action=commit
2025-08-25 13:58:00 | INFO | repo=tictactoe | action=commit
2025-01-17 19:33:00 | DEBUG | repo=tictactoe | action=commit
2025-01-12 16:07:00 | WARN | repo=tictactoe | action=commit
2025-06-10 17:02:00 | INFO | repo=tictactoe | action=commit
2025-04-06 07:51:00 | DEBUG | repo=tictactoe | action=commit
2025-10-23 07:49:00 | INFO | repo=tictactoe | action=commit
2025-11-13 07:20:00 | INFO | repo=tictactoe | action=commit
2025-03-18 15:28:00 | WARN | repo=tictactoe | action=edit | files=1
2025-10-28 14:22:00 | DEBUG | repo=tictactoe | action=test | passed=true
2025-03-14 09:06:00 | DEBUG | repo=tictactoe | action=commit
2025-05-10 16:41:00 | WARN | repo=tictactoe | action=commit
2025-12-04 08:29:00 | WARN | repo=tictactoe | action=commit
2025-04-11 20:53:00 | DEBUG | repo=tictactoe | action=commit
2025-08-11 14:25:00 | INFO | repo=tictactoe | action=commit
2025-05-16 09:39:00 | DEBUG | repo=tictactoe | action=test | passed=true
2025-03-19 07:34:00 | DEBUG | repo=tictactoe | action=edit | files=2
2025-10-25 20:50:00 | WARN | repo=tictactoe | action=commit
2025-03-24 14:09:00 | DEBUG | repo=tictactoe | action=commit
2025-02-26 11:55:00 | INFO | repo=tictactoe | action=commit
2025-09-16 07:44:00 | DEBUG | repo=tictactoe | action=commit
2025-02-03 19:59:00 | INFO | repo=tictactoe | action=commit
2025-12-13 10:56:00 | WARN | repo=tictactoe | action=commit
2025-10-07 16:38:00 | DEBUG | repo=tictactoe | action=pull
2025-01-23 07:44:00 | WARN | repo=tictactoe | action=commit
2025-08-24 21:32:00 | WARN | repo=tictactoe | action=commit
2025-12-01 12:08:00 | DEBUG | repo=tictactoe | action=edit | files=4
2025-06-16 15:36:00 | DEBUG | repo=tictactoe | action=commit
2025-12-17 08:20:00 | INFO | repo=tictactoe | action=commit
2025-03-16 15:24:00 | INFO | repo=tictactoe | action=edit | files=3
2025-06-20 17:41:00 | INFO | repo=tictactoe | action=commit
2025-12-15 07:09:00 | DEBUG | repo=tictactoe | action=commit
2025-11-27 15:42:00 | INFO | repo=tictactoe | action=commit
2025-06-05 18:52:00 | DEBUG | repo=tictactoe | action=pull
2025-09-21 20:14:00 | INFO | repo=tictactoe | action=commit
2025-03-02 18:03:00 | INFO | repo=tictactoe | action=commit
2025-01-20 21:35:00 | WARN | repo=tictactoe | action=test | passed=true
2025-07-01 07:57:00 | WARN | repo=tictactoe | action=commit
2025-08-12 07:11:00 | INFO | repo=tictactoe | action=commit
2025-05-23 10:12:00 | INFO | repo=tictactoe | action=commit
2025-10-18 20:09:00 | WARN | repo=tictactoe | action=commit
2025-08-07 17:51:00 | INFO | repo=tictactoe | action=commit
2025-03-21 13:23:00 | DEBUG | repo=tictactoe | action=commit
2025-02-25 14:43:00 | INFO | repo=tictactoe | action=commit
2025-06-13 11:08:00 | WARN | repo=tictactoe | action=pull
2025-08-01 07:00:00 | INFO | repo=tictactoe | action=commit
2025-05-07 19:58:00 | INFO | repo=tictactoe | action=pull
2025-04-11 12:46:00 | WARN | repo=tictactoe | action=commit
2025-12-03 16:49:00 | DEBUG | repo=tictactoe | action=commit
2025-11-20 15:44:00 | INFO | repo=tictactoe | action=commit
2025-11-07 18:12:00 | INFO | repo=tictactoe | action=edit | files=5
2025-04-27 12:07:00 | WARN | repo=tictactoe | action=commit
2025-09-25 08:30:00 | DEBUG | repo=tictactoe | action=commit
2025-07-28 12:06:00 | WARN | repo=tictactoe | action=edit | files=5
2025-07-06 20:55:00 | INFO | repo=tictactoe | action=edit | files=2
2025-01-04 09:46:00 | INFO | repo=tictactoe | action=test | passed=true
2025-02-16 21:12:00 | INFO | repo=tictactoe | action=commit
2025-10-13 17:21:00 | WARN | repo=tictactoe | action=edit | files=5
2025-05-24 20:57:00 | INFO | repo=tictactoe | action=commit
2025-12-13 07:37:00 | INFO | repo=tictactoe | action=commit
2025-01-16 15:34:00 | INFO | repo=tictactoe | action=commit
2025-09-26 17:33:00 | WARN | repo=tictactoe | action=edit | files=2
2025-11-19 11:59:00 | WARN | repo=tictactoe | action=test | passed=true
2025-04-19 21:46:00 | WARN | repo=tictactoe | action=commit
2025-12-20 16:23:00 | WARN | repo=tictactoe | action=edit | files=3
2025-02-17 15:18:00 | DEBUG | repo=tictactoe | action=commit
2025-02-05 07:19:00 | DEBUG | repo=tictactoe | action=test | passed=true
2025-10-24 17:01:00 | WARN | repo=tictactoe | action=commit
2025-05-14 14:52:00 | DEBUG | repo=tictactoe | action=edit | files=2
2025-11-25 20:22:00 | DEBUG | repo=tictactoe | action=commit
2025-12-18 08:26:00 | DEBUG | repo=tictactoe | action=test | passed=true
2025-02-04 07:01:00 | WARN | repo=tictactoe | action=test | passed=true
2025-01-04 21:31:00 | WARN | repo=tictactoe | action=pull
2025-04-07 13:19:00 | WARN | repo=tictactoe | action=commit
2025-05-08 20:10:00 | INFO | repo=tictactoe | action=commit
2025-07-18 16:32:00 | WARN | repo=tictactoe | action=commit
2025-08-06 21:08:00 | INFO | repo=tictactoe | action=test | passed=true
2025-03-11 20:02:00 | INFO | repo=tictactoe | action=edit | files=3
2025-09-14 16:46:00 | WARN | repo=tictactoe | action=commit
2025-01-23 08:30:00 | DEBUG | repo=tictactoe | action=edit | files=1
2025-09-11 07:25:00 | WARN | repo=tictactoe | action=commit
2025-12-28 14:45:00 | INFO | repo=tictactoe | action=pull
2025-08-08 10:08:00 | DEBUG | repo=tictactoe | action=commit
2025-02-20 20:27:00 | DEBUG | repo=tictactoe | action=test | passed=true
2025-01-16 10:29:00 | DEBUG | repo=tictactoe | action=commit
2025-07-05 15:26:00 | DEBUG | repo=tictactoe | action=pull
2025-04-23 09:19:00 | DEBUG | repo=tictactoe | action=commit
2025-07-09 13:09:00 | WARN | repo=tictactoe | action=edit | files=3
2025-11-19 16:26:00 | INFO | repo=tictactoe | action=commit
2025-12-06 15:22:00 | WARN | repo=tictactoe | action=commit
2025-04-22 07:42:00 | DEBUG | repo=tictactoe | action=commit
2025-02-26 18:11:00 | INFO | repo=tictactoe | action=commit
2025-05-19 19:35:00 | DEBUG | repo=tictactoe | action=test | passed=true
2025-10-04 14:27:00 | DEBUG | repo=tictactoe | action=commit
2025-10-20 11:42:00 | INFO | repo=tictactoe | action=commit
2025-03-27 20:47:00 | WARN | repo=tictactoe | action=pull
2025-01-11 17:59:00 | WARN | repo=tictactoe | action=commit
